2020-12-08 22:23:20,009 [Worker-1: Loading available Gradle versions] INFO  o.e.b.c.i.u.g.PublishedGradleVersions - Gradle version information cache is up-to-date. Trying to read.
2020-12-08 22:27:14,961 [Worker-9: Importing Maven projects] INFO  o.e.m.c.i.l.LifecycleMappingFactory - Using org.eclipse.m2e.jdt.JarLifecycleMapping lifecycle mapping for MavenProject: org.springframework.samples:spring-petclinic:2.3.0.BUILD-SNAPSHOT @ C:\Users\alesk\Desktop\Universidad\TFG\initApp\TFG\pom.xml.
2020-12-08 22:27:40,438 [Worker-9: Importing Maven projects] INFO  o.e.m.j.i.AbstractJavaProjectConfigurator - Adding source folder /spring-petclinic/src/main/java
2020-12-08 22:27:40,441 [Worker-9: Importing Maven projects] INFO  o.e.m.j.i.AbstractJavaProjectConfigurator - Adding resource folder /spring-petclinic/src/main/resources
2020-12-08 22:27:40,465 [Worker-9: Importing Maven projects] INFO  o.e.m.j.i.AbstractJavaProjectConfigurator - Adding resource folder /spring-petclinic/src/main/resources
2020-12-08 22:27:40,469 [Worker-9: Importing Maven projects] INFO  o.e.m.j.i.AbstractJavaProjectConfigurator - Adding source folder /spring-petclinic/src/test/java
2020-12-08 22:27:41,600 [Worker-9: Importing Maven projects] INFO  o.e.m.c.i.p.ProjectConfigurationManager - Imported and configured 1 project(s) in 41 sec
2020-12-08 22:27:45,768 [Worker-19: Discover lifecycle mappings] INFO  o.e.m.i.discovery.MavenDiscovery - No lifecyle mapping found at jar:file:/C:/Users/alesk/AppData/Local/Temp/RemoteBundleDiscoveryStrategy16978597061769178289.tmp/org.eclipse.m2e.discovery.oss_catalog_1.13.jar_15368467628626153811.jar!/lifecycle%2Forg.eclipse.m2e.discovery.lifecyclemapping.m2e-wtp.xml
2020-12-08 22:27:45,774 [Worker-19: Discover lifecycle mappings] WARN  o.e.m.i.discovery.MavenDiscovery - CatalogItem org.eclipse.m2e.discovery.lifecyclemapping.m2e-wtp does not contain lifecycle mapping metadata
2020-12-08 22:27:45,778 [Worker-19: Discover lifecycle mappings] INFO  o.e.m.i.discovery.MavenDiscovery - No lifecyle mapping found at jar:file:/C:/Users/alesk/AppData/Local/Temp/RemoteBundleDiscoveryStrategy16978597061769178289.tmp/org.eclipse.m2e.discovery.oss_catalog_1.13.jar_15368467628626153811.jar!/lifecycle%2Forg.eclipse.m2e.discovery.lifecyclemapping.m2e-egit.xml
2020-12-08 22:27:45,781 [Worker-19: Discover lifecycle mappings] WARN  o.e.m.i.discovery.MavenDiscovery - CatalogItem org.eclipse.m2e.discovery.lifecyclemapping.m2e-egit does not contain lifecycle mapping metadata
2020-12-08 22:27:45,785 [Worker-19: Discover lifecycle mappings] INFO  o.e.m.i.discovery.MavenDiscovery - No lifecyle mapping found at jar:file:/C:/Users/alesk/AppData/Local/Temp/RemoteBundleDiscoveryStrategy16978597061769178289.tmp/org.eclipse.m2e.discovery.oss_catalog_1.13.jar_15368467628626153811.jar!/lifecycle%2Forg.eclipse.m2e.discovery.lifecyclemapping.m2e-subversive.xml
2020-12-08 22:27:45,787 [Worker-19: Discover lifecycle mappings] WARN  o.e.m.i.discovery.MavenDiscovery - CatalogItem org.eclipse.m2e.discovery.lifecyclemapping.m2e-subversive does not contain lifecycle mapping metadata
2020-12-08 22:27:45,873 [Worker-19: Discover lifecycle mappings] INFO  o.e.m.i.discovery.MavenDiscovery - No lifecyle mapping found at jar:file:/C:/Users/alesk/AppData/Local/Temp/RemoteBundleDiscoveryStrategy16978597061769178289.tmp/org.eclipse.m2e.discovery.oss_catalog_1.13.jar_15368467628626153811.jar!/lifecycle%2Forg.eclipse.m2e.discovery.extras.m2e-chromatic.xml
2020-12-08 22:27:45,874 [Worker-19: Discover lifecycle mappings] WARN  o.e.m.i.discovery.MavenDiscovery - CatalogItem org.eclipse.m2e.discovery.extras.m2e-chromatic does not contain lifecycle mapping metadata
2020-12-08 22:27:52,632 [Worker-19: Building] INFO  o.e.m.c.i.embedder.EclipseLogger - dotGitDirectory is null, aborting execution!
2020-12-08 22:27:52,854 [Worker-19: Building] INFO  o.e.m.c.i.embedder.EclipseLogger - C:\Users\alesk\Desktop\Universidad\TFG\initApp\TFG/src/main/less
2020-12-08 22:27:52,854 [Worker-19: Building] INFO  o.e.m.c.i.embedder.EclipseLogger - Executing the mojo: 
2020-12-08 22:27:52,855 [Worker-19: Building] INFO  o.e.m.c.i.embedder.EclipseLogger - Wro4j Model path: C:\Users\alesk\Desktop\Universidad\TFG\initApp\TFG\src\main\wro\wro.xml
2020-12-08 22:27:52,855 [Worker-19: Building] INFO  o.e.m.c.i.embedder.EclipseLogger - targetGroups: null
2020-12-08 22:27:52,855 [Worker-19: Building] INFO  o.e.m.c.i.embedder.EclipseLogger - minimize: true
2020-12-08 22:27:52,855 [Worker-19: Building] INFO  o.e.m.c.i.embedder.EclipseLogger - ignoreMissingResources: null
2020-12-08 22:27:52,856 [Worker-19: Building] INFO  o.e.m.c.i.embedder.EclipseLogger - parallelProcessing: false
2020-12-08 22:27:52,856 [Worker-19: Building] INFO  o.e.m.c.i.embedder.EclipseLogger - buildDirectory: C:\Users\alesk\Desktop\Universidad\TFG\initApp\TFG\target
2020-12-08 22:27:52,877 [Worker-19: Building] INFO  o.e.m.c.i.embedder.EclipseLogger - destinationFolder: C:\Users\alesk\Desktop\Universidad\TFG\initApp\TFG\target
2020-12-08 22:27:52,877 [Worker-19: Building] INFO  o.e.m.c.i.embedder.EclipseLogger - cssDestinationFolder: C:\Users\alesk\Desktop\Universidad\TFG\initApp\TFG\target\classes\static\resources\css
2020-12-08 22:28:12,065 [Worker-19: Building] INFO  o.e.m.c.i.embedder.EclipseLogger - The following groups will be processed: [petclinic]
2020-12-08 22:28:12,067 [Worker-19: Building] INFO  o.e.m.c.i.embedder.EclipseLogger - folder: C:\Users\alesk\Desktop\Universidad\TFG\initApp\TFG\target\classes\static\resources\css
2020-12-08 22:28:12,072 [Worker-19: Building] INFO  o.e.m.c.i.embedder.EclipseLogger - processing group: petclinic.css
2020-12-08 22:28:22,100 [Worker-19: Building] WARN  r.i.w.e.p.css.Less4jProcessor - Less warnings are:
2020-12-08 22:28:22,131 [Worker-19: Building] WARN  r.i.w.e.p.css.Less4jProcessor - 10:1 Cannot link source map. Css result location is not know and could not be deduced from input less source..
2020-12-08 22:28:22,202 [Worker-19: Building] INFO  o.e.m.c.i.embedder.EclipseLogger - file size: petclinic.css -> 152399 bytes
2020-12-08 22:28:22,205 [Worker-19: Building] INFO  o.e.m.c.i.embedder.EclipseLogger - C:\Users\alesk\Desktop\Universidad\TFG\initApp\TFG\target\classes\static\resources\css\petclinic.css (152399 bytes)
2020-12-08 22:28:22,205 [Worker-19: Building] INFO  o.e.m.c.i.embedder.EclipseLogger - folder: C:\Users\alesk\Desktop\Universidad\TFG\initApp\TFG\target
2020-12-08 22:28:22,206 [Worker-19: Building] INFO  o.e.m.c.i.embedder.EclipseLogger - processing group: petclinic.js
2020-12-08 22:28:22,322 [Worker-19: Building] INFO  o.e.m.c.i.embedder.EclipseLogger - Using 'UTF-8' encoding to copy filtered resources.
2020-12-08 22:28:22,339 [Worker-19: Building] INFO  o.e.m.c.i.embedder.EclipseLogger - Copying 2 resources
2020-12-08 22:28:22,401 [Worker-19: Building] INFO  o.e.m.c.i.embedder.EclipseLogger - Copying 9 resources
2020-12-08 22:28:22,628 [Worker-19: Building] INFO  o.e.m.c.i.embedder.EclipseLogger - Using 'UTF-8' encoding to copy filtered resources.
2020-12-08 22:28:22,628 [Worker-19: Building] INFO  o.e.m.c.i.embedder.EclipseLogger - skip non existing resourceDirectory C:\Users\alesk\Desktop\Universidad\TFG\initApp\TFG\src\test\resources
2020-12-08 22:44:34,910 [Worker-9: Updating Maven Dependencies] ERROR o.e.m.c.i.p.r.ProjectRegistryRefreshJob - null
java.lang.NullPointerException: null
	at com.baselet.plugin.MavenProjectChangedListener.mavenProjectChanged(MavenProjectChangedListener.java:30)
	at org.eclipse.m2e.core.internal.project.registry.ProjectRegistryManager.notifyProjectChangeListeners(ProjectRegistryManager.java:824)
	at org.eclipse.m2e.core.internal.project.registry.ProjectRegistryManager.applyMutableProjectRegistry(ProjectRegistryManager.java:990)
	at org.eclipse.m2e.core.internal.project.registry.ProjectRegistryRefreshJob.lambda$0(ProjectRegistryRefreshJob.java:149)
	at org.eclipse.m2e.core.internal.embedder.MavenExecutionContext.executeBare(MavenExecutionContext.java:179)
	at org.eclipse.m2e.core.internal.embedder.MavenExecutionContext.execute(MavenExecutionContext.java:153)
	at org.eclipse.m2e.core.internal.embedder.MavenExecutionContext.execute(MavenExecutionContext.java:101)
	at org.eclipse.m2e.core.internal.embedder.MavenImpl.execute(MavenImpl.java:1374)
	at org.eclipse.m2e.core.internal.project.registry.ProjectRegistryRefreshJob.run(ProjectRegistryRefreshJob.java:84)
	at org.eclipse.core.internal.jobs.Worker.run(Worker.java:63)
2020-12-08 22:46:00,914 [Worker-19: Building] INFO  o.e.m.c.i.l.LifecycleMappingFactory - Using org.eclipse.m2e.jdt.JarLifecycleMapping lifecycle mapping for MavenProject: org.springframework.samples:spring-petclinic:2.3.0.BUILD-SNAPSHOT @ C:\Users\alesk\Desktop\Universidad\TFG_app\TFG_app\back-end\TFG\pom.xml.
2020-12-08 22:46:03,662 [Worker-19: Building] INFO  o.e.m.c.i.embedder.EclipseLogger - dotGitDirectory C:\Users\alesk\Desktop\Universidad\TFG_app\TFG_app\.git
2020-12-08 22:46:05,911 [Worker-19: Building] INFO  o.e.m.c.i.embedder.EclipseLogger - Collected git.build.user.name with value Alejandro Fuentes Gómez
2020-12-08 22:46:05,913 [Worker-19: Building] INFO  o.e.m.c.i.embedder.EclipseLogger - Collected git.build.user.email with value 48445978+alefuegom@users.noreply.github.com
2020-12-08 22:46:05,950 [Worker-19: Building] INFO  o.e.m.c.i.embedder.EclipseLogger - Collected git.branch with value master
2020-12-08 22:46:05,953 [Worker-19: Building] INFO  o.e.m.c.i.embedder.EclipseLogger - --always = true
2020-12-08 22:46:05,953 [Worker-19: Building] INFO  o.e.m.c.i.embedder.EclipseLogger - --dirty = -dirty
2020-12-08 22:46:05,955 [Worker-19: Building] INFO  o.e.m.c.i.embedder.EclipseLogger - --abbrev = 7
2020-12-08 22:46:05,964 [Worker-19: Building] INFO  o.e.m.c.i.embedder.EclipseLogger - Tag refs [[]]
2020-12-08 22:46:05,964 [Worker-19: Building] INFO  o.e.m.c.i.embedder.EclipseLogger - Created map: [{}]
2020-12-08 22:46:05,966 [Worker-19: Building] INFO  o.e.m.c.i.embedder.EclipseLogger - evalCommit is [b69581de99a7670f0087ed6ac970e4a8b1c9e210]
2020-12-08 22:46:06,155 [Worker-19: Building] INFO  o.e.m.c.i.embedder.EclipseLogger - Collected git.commit.id.describe with value b69581d-dirty
2020-12-08 22:46:06,156 [Worker-19: Building] INFO  o.e.m.c.i.embedder.EclipseLogger - Collected git.commit.id.describe-short with value b69581d-dirty
2020-12-08 22:46:06,156 [Worker-19: Building] INFO  o.e.m.c.i.embedder.EclipseLogger - Collected git.commit.id with value b69581de99a7670f0087ed6ac970e4a8b1c9e210
2020-12-08 22:46:06,157 [Worker-19: Building] INFO  o.e.m.c.i.embedder.EclipseLogger - Collected git.commit.id.abbrev with value b69581d
2020-12-08 22:46:06,253 [Worker-19: Building] INFO  o.e.m.c.i.embedder.EclipseLogger - Collected git.dirty with value true
2020-12-08 22:46:06,254 [Worker-19: Building] INFO  o.e.m.c.i.embedder.EclipseLogger - Collected git.commit.user.name with value Alejandro Fuentes Gómez
2020-12-08 22:46:06,255 [Worker-19: Building] INFO  o.e.m.c.i.embedder.EclipseLogger - Collected git.commit.user.email with value 48445978+alefuegom@users.noreply.github.com
2020-12-08 22:46:06,255 [Worker-19: Building] INFO  o.e.m.c.i.embedder.EclipseLogger - Collected git.commit.message.full with value wrong init
2020-12-08 22:46:06,256 [Worker-19: Building] INFO  o.e.m.c.i.embedder.EclipseLogger - Collected git.commit.message.short with value wrong init
2020-12-08 22:46:06,256 [Worker-19: Building] INFO  o.e.m.c.i.embedder.EclipseLogger - Collected git.commit.time with value 2020-12-08T22:44:51+0100
2020-12-08 22:46:06,257 [Worker-19: Building] INFO  o.e.m.c.i.embedder.EclipseLogger - Collected git.remote.origin.url with value https://github.com/alefuegom/TFG_app.git
2020-12-08 22:46:06,262 [Worker-19: Building] INFO  o.e.m.c.i.embedder.EclipseLogger - Collected git.tags with value 
2020-12-08 22:46:06,268 [Worker-19: Building] INFO  o.e.m.c.i.embedder.EclipseLogger - evalCommit is [b69581de99a7670f0087ed6ac970e4a8b1c9e210]
2020-12-08 22:46:06,271 [Worker-19: Building] INFO  o.e.m.c.i.embedder.EclipseLogger - Tag refs [[]]
2020-12-08 22:46:06,272 [Worker-19: Building] INFO  o.e.m.c.i.embedder.EclipseLogger - Created map: [{}]
2020-12-08 22:46:06,274 [Worker-19: Building] INFO  o.e.m.c.i.embedder.EclipseLogger - Collected git.closest.tag.name with value 
2020-12-08 22:46:06,281 [Worker-19: Building] INFO  o.e.m.c.i.embedder.EclipseLogger - evalCommit is [b69581de99a7670f0087ed6ac970e4a8b1c9e210]
2020-12-08 22:46:06,283 [Worker-19: Building] INFO  o.e.m.c.i.embedder.EclipseLogger - Tag refs [[]]
2020-12-08 22:46:06,284 [Worker-19: Building] INFO  o.e.m.c.i.embedder.EclipseLogger - Created map: [{}]
2020-12-08 22:46:06,286 [Worker-19: Building] INFO  o.e.m.c.i.embedder.EclipseLogger - Collected git.closest.tag.commit.count with value 
2020-12-08 22:46:06,288 [Worker-19: Building] INFO  o.e.m.c.i.embedder.EclipseLogger - Collected git.total.commit.count with value 3
2020-12-08 22:46:07,119 [Worker-19: Building] INFO  o.e.m.c.i.embedder.EclipseLogger - Collected git.local.branch.ahead with value 0
2020-12-08 22:46:07,120 [Worker-19: Building] INFO  o.e.m.c.i.embedder.EclipseLogger - Collected git.local.branch.behind with value 0
2020-12-08 22:46:07,135 [Worker-19: Building] INFO  o.e.m.c.i.embedder.EclipseLogger - Collected git.build.time with value 2020-12-08T22:46:07+0100
2020-12-08 22:46:07,136 [Worker-19: Building] INFO  o.e.m.c.i.embedder.EclipseLogger - Collected git.build.version with value 2.3.0.BUILD-SNAPSHOT
2020-12-08 22:46:07,140 [Worker-19: Building] INFO  o.e.m.c.i.embedder.EclipseLogger - Collected git.build.host with value LAPTOP-GGG9JJ84
2020-12-08 22:46:07,141 [Worker-19: Building] INFO  o.e.m.c.i.embedder.EclipseLogger - including property git.tags in results
2020-12-08 22:46:07,141 [Worker-19: Building] INFO  o.e.m.c.i.embedder.EclipseLogger - including property git.closest.tag.commit.count in results
2020-12-08 22:46:07,141 [Worker-19: Building] INFO  o.e.m.c.i.embedder.EclipseLogger - including property git.build.version in results
2020-12-08 22:46:07,141 [Worker-19: Building] INFO  o.e.m.c.i.embedder.EclipseLogger - including property git.commit.user.name in results
2020-12-08 22:46:07,142 [Worker-19: Building] INFO  o.e.m.c.i.embedder.EclipseLogger - including property git.commit.id.abbrev in results
2020-12-08 22:46:07,142 [Worker-19: Building] INFO  o.e.m.c.i.embedder.EclipseLogger - including property git.branch in results
2020-12-08 22:46:07,142 [Worker-19: Building] INFO  o.e.m.c.i.embedder.EclipseLogger - including property git.build.host in results
2020-12-08 22:46:07,142 [Worker-19: Building] INFO  o.e.m.c.i.embedder.EclipseLogger - including property git.commit.id.describe-short in results
2020-12-08 22:46:07,142 [Worker-19: Building] INFO  o.e.m.c.i.embedder.EclipseLogger - including property git.total.commit.count in results
2020-12-08 22:46:07,142 [Worker-19: Building] INFO  o.e.m.c.i.embedder.EclipseLogger - including property git.commit.id.describe in results
2020-12-08 22:46:07,143 [Worker-19: Building] INFO  o.e.m.c.i.embedder.EclipseLogger - including property git.build.user.email in results
2020-12-08 22:46:07,143 [Worker-19: Building] INFO  o.e.m.c.i.embedder.EclipseLogger - including property git.commit.id in results
2020-12-08 22:46:07,143 [Worker-19: Building] INFO  o.e.m.c.i.embedder.EclipseLogger - including property git.commit.message.short in results
2020-12-08 22:46:07,143 [Worker-19: Building] INFO  o.e.m.c.i.embedder.EclipseLogger - including property git.commit.user.email in results
2020-12-08 22:46:07,143 [Worker-19: Building] INFO  o.e.m.c.i.embedder.EclipseLogger - including property git.closest.tag.name in results
2020-12-08 22:46:07,143 [Worker-19: Building] INFO  o.e.m.c.i.embedder.EclipseLogger - including property git.local.branch.ahead in results
2020-12-08 22:46:07,143 [Worker-19: Building] INFO  o.e.m.c.i.embedder.EclipseLogger - including property git.commit.time in results
2020-12-08 22:46:07,143 [Worker-19: Building] INFO  o.e.m.c.i.embedder.EclipseLogger - including property git.local.branch.behind in results
2020-12-08 22:46:07,144 [Worker-19: Building] INFO  o.e.m.c.i.embedder.EclipseLogger - including property git.build.time in results
2020-12-08 22:46:07,144 [Worker-19: Building] INFO  o.e.m.c.i.embedder.EclipseLogger - including property git.build.user.name in results
2020-12-08 22:46:07,145 [Worker-19: Building] INFO  o.e.m.c.i.embedder.EclipseLogger - including property git.dirty in results
2020-12-08 22:46:07,145 [Worker-19: Building] INFO  o.e.m.c.i.embedder.EclipseLogger - including property git.commit.message.full in results
2020-12-08 22:46:07,145 [Worker-19: Building] INFO  o.e.m.c.i.embedder.EclipseLogger - including property git.remote.origin.url in results
2020-12-08 22:46:07,193 [Worker-19: Building] INFO  o.e.m.c.i.embedder.EclipseLogger - Writing properties file to [C:\Users\alesk\Desktop\Universidad\TFG_app\TFG_app\back-end\TFG\target\classes\git.properties] (for module petclinic)...
2020-12-08 22:46:08,216 [Worker-19: Building] INFO  o.e.m.c.i.embedder.EclipseLogger - C:\Users\alesk\Desktop\Universidad\TFG_app\TFG_app\back-end\TFG/src/main/less
2020-12-08 22:46:08,216 [Worker-19: Building] INFO  o.e.m.c.i.embedder.EclipseLogger - Executing the mojo: 
2020-12-08 22:46:08,217 [Worker-19: Building] INFO  o.e.m.c.i.embedder.EclipseLogger - Wro4j Model path: C:\Users\alesk\Desktop\Universidad\TFG_app\TFG_app\back-end\TFG\src\main\wro\wro.xml
2020-12-08 22:46:08,217 [Worker-19: Building] INFO  o.e.m.c.i.embedder.EclipseLogger - targetGroups: null
2020-12-08 22:46:08,218 [Worker-19: Building] INFO  o.e.m.c.i.embedder.EclipseLogger - minimize: true
2020-12-08 22:46:08,218 [Worker-19: Building] INFO  o.e.m.c.i.embedder.EclipseLogger - ignoreMissingResources: null
2020-12-08 22:46:08,218 [Worker-19: Building] INFO  o.e.m.c.i.embedder.EclipseLogger - parallelProcessing: false
2020-12-08 22:46:08,219 [Worker-19: Building] INFO  o.e.m.c.i.embedder.EclipseLogger - buildDirectory: C:\Users\alesk\Desktop\Universidad\TFG_app\TFG_app\back-end\TFG\target
2020-12-08 22:46:08,233 [Worker-19: Building] INFO  o.e.m.c.i.embedder.EclipseLogger - destinationFolder: C:\Users\alesk\Desktop\Universidad\TFG_app\TFG_app\back-end\TFG\target
2020-12-08 22:46:08,233 [Worker-19: Building] INFO  o.e.m.c.i.embedder.EclipseLogger - cssDestinationFolder: C:\Users\alesk\Desktop\Universidad\TFG_app\TFG_app\back-end\TFG\target\classes\static\resources\css
2020-12-08 22:46:14,134 [Worker-19: Building] INFO  o.e.m.c.i.embedder.EclipseLogger - The following groups will be processed: [petclinic]
2020-12-08 22:46:14,134 [Worker-19: Building] INFO  o.e.m.c.i.embedder.EclipseLogger - folder: C:\Users\alesk\Desktop\Universidad\TFG_app\TFG_app\back-end\TFG\target\classes\static\resources\css
2020-12-08 22:46:14,138 [Worker-19: Building] INFO  o.e.m.c.i.embedder.EclipseLogger - processing group: petclinic.css
2020-12-08 22:46:19,040 [Worker-19: Building] WARN  r.i.w.e.p.css.Less4jProcessor - Less warnings are:
2020-12-08 22:46:19,042 [Worker-19: Building] WARN  r.i.w.e.p.css.Less4jProcessor - 10:1 Cannot link source map. Css result location is not know and could not be deduced from input less source..
2020-12-08 22:46:19,088 [Worker-19: Building] INFO  o.e.m.c.i.embedder.EclipseLogger - file size: petclinic.css -> 152399 bytes
2020-12-08 22:46:19,088 [Worker-19: Building] INFO  o.e.m.c.i.embedder.EclipseLogger - C:\Users\alesk\Desktop\Universidad\TFG_app\TFG_app\back-end\TFG\target\classes\static\resources\css\petclinic.css (152399 bytes)
2020-12-08 22:46:19,088 [Worker-19: Building] INFO  o.e.m.c.i.embedder.EclipseLogger - folder: C:\Users\alesk\Desktop\Universidad\TFG_app\TFG_app\back-end\TFG\target
2020-12-08 22:46:19,089 [Worker-19: Building] INFO  o.e.m.c.i.embedder.EclipseLogger - processing group: petclinic.js
2020-12-08 22:46:19,364 [Worker-19: Building] INFO  o.e.m.c.i.embedder.EclipseLogger - Using 'UTF-8' encoding to copy filtered resources.
2020-12-08 22:46:19,366 [Worker-19: Building] INFO  o.e.m.c.i.embedder.EclipseLogger - Copying 2 resources
2020-12-08 22:46:19,387 [Worker-19: Building] INFO  o.e.m.c.i.embedder.EclipseLogger - Copying 9 resources
2020-12-08 22:46:19,462 [Worker-19: Building] INFO  o.e.m.c.i.embedder.EclipseLogger - Using 'UTF-8' encoding to copy filtered resources.
2020-12-08 22:46:19,462 [Worker-19: Building] INFO  o.e.m.c.i.embedder.EclipseLogger - skip non existing resourceDirectory C:\Users\alesk\Desktop\Universidad\TFG_app\TFG_app\back-end\TFG\src\test\resources
2020-12-08 22:46:21,928 [Worker-24: Building] INFO  o.e.m.c.i.embedder.EclipseLogger - dotGitDirectory C:\Users\alesk\Desktop\Universidad\TFG_app\TFG_app\.git
2020-12-08 22:46:21,932 [Worker-24: Building] INFO  o.e.m.c.i.embedder.EclipseLogger - Collected git.build.user.name with value Alejandro Fuentes Gómez
2020-12-08 22:46:21,933 [Worker-24: Building] INFO  o.e.m.c.i.embedder.EclipseLogger - Collected git.build.user.email with value 48445978+alefuegom@users.noreply.github.com
2020-12-08 22:46:21,937 [Worker-24: Building] INFO  o.e.m.c.i.embedder.EclipseLogger - Collected git.branch with value master
2020-12-08 22:46:21,937 [Worker-24: Building] INFO  o.e.m.c.i.embedder.EclipseLogger - --always = true
2020-12-08 22:46:21,937 [Worker-24: Building] INFO  o.e.m.c.i.embedder.EclipseLogger - --dirty = -dirty
2020-12-08 22:46:21,937 [Worker-24: Building] INFO  o.e.m.c.i.embedder.EclipseLogger - --abbrev = 7
2020-12-08 22:46:21,939 [Worker-24: Building] INFO  o.e.m.c.i.embedder.EclipseLogger - Tag refs [[]]
2020-12-08 22:46:21,939 [Worker-24: Building] INFO  o.e.m.c.i.embedder.EclipseLogger - Created map: [{}]
2020-12-08 22:46:21,940 [Worker-24: Building] INFO  o.e.m.c.i.embedder.EclipseLogger - evalCommit is [b69581de99a7670f0087ed6ac970e4a8b1c9e210]
2020-12-08 22:46:22,045 [Worker-24: Building] INFO  o.e.m.c.i.embedder.EclipseLogger - Collected git.commit.id.describe with value b69581d-dirty
2020-12-08 22:46:22,045 [Worker-24: Building] INFO  o.e.m.c.i.embedder.EclipseLogger - Collected git.commit.id.describe-short with value b69581d-dirty
2020-12-08 22:46:22,046 [Worker-24: Building] INFO  o.e.m.c.i.embedder.EclipseLogger - Collected git.commit.id with value b69581de99a7670f0087ed6ac970e4a8b1c9e210
2020-12-08 22:46:22,046 [Worker-24: Building] INFO  o.e.m.c.i.embedder.EclipseLogger - Collected git.commit.id.abbrev with value b69581d
2020-12-08 22:46:22,141 [Worker-24: Building] INFO  o.e.m.c.i.embedder.EclipseLogger - Collected git.dirty with value true
2020-12-08 22:46:22,141 [Worker-24: Building] INFO  o.e.m.c.i.embedder.EclipseLogger - Collected git.commit.user.name with value Alejandro Fuentes Gómez
2020-12-08 22:46:22,141 [Worker-24: Building] INFO  o.e.m.c.i.embedder.EclipseLogger - Collected git.commit.user.email with value 48445978+alefuegom@users.noreply.github.com
2020-12-08 22:46:22,141 [Worker-24: Building] INFO  o.e.m.c.i.embedder.EclipseLogger - Collected git.commit.message.full with value wrong init
2020-12-08 22:46:22,141 [Worker-24: Building] INFO  o.e.m.c.i.embedder.EclipseLogger - Collected git.commit.message.short with value wrong init
2020-12-08 22:46:22,142 [Worker-24: Building] INFO  o.e.m.c.i.embedder.EclipseLogger - Collected git.commit.time with value 2020-12-08T22:44:51+0100
2020-12-08 22:46:22,142 [Worker-24: Building] INFO  o.e.m.c.i.embedder.EclipseLogger - Collected git.remote.origin.url with value https://github.com/alefuegom/TFG_app.git
2020-12-08 22:46:22,144 [Worker-24: Building] INFO  o.e.m.c.i.embedder.EclipseLogger - Collected git.tags with value 
2020-12-08 22:46:22,149 [Worker-24: Building] INFO  o.e.m.c.i.embedder.EclipseLogger - evalCommit is [b69581de99a7670f0087ed6ac970e4a8b1c9e210]
2020-12-08 22:46:22,152 [Worker-24: Building] INFO  o.e.m.c.i.embedder.EclipseLogger - Tag refs [[]]
2020-12-08 22:46:22,152 [Worker-24: Building] INFO  o.e.m.c.i.embedder.EclipseLogger - Created map: [{}]
2020-12-08 22:46:22,155 [Worker-24: Building] INFO  o.e.m.c.i.embedder.EclipseLogger - Collected git.closest.tag.name with value 
2020-12-08 22:46:22,160 [Worker-24: Building] INFO  o.e.m.c.i.embedder.EclipseLogger - evalCommit is [b69581de99a7670f0087ed6ac970e4a8b1c9e210]
2020-12-08 22:46:22,163 [Worker-24: Building] INFO  o.e.m.c.i.embedder.EclipseLogger - Tag refs [[]]
2020-12-08 22:46:22,163 [Worker-24: Building] INFO  o.e.m.c.i.embedder.EclipseLogger - Created map: [{}]
2020-12-08 22:46:22,166 [Worker-24: Building] INFO  o.e.m.c.i.embedder.EclipseLogger - Collected git.closest.tag.commit.count with value 
2020-12-08 22:46:22,167 [Worker-24: Building] INFO  o.e.m.c.i.embedder.EclipseLogger - Collected git.total.commit.count with value 3
2020-12-08 22:46:22,675 [Worker-24: Building] INFO  o.e.m.c.i.embedder.EclipseLogger - Collected git.local.branch.ahead with value 0
2020-12-08 22:46:22,675 [Worker-24: Building] INFO  o.e.m.c.i.embedder.EclipseLogger - Collected git.local.branch.behind with value 0
2020-12-08 22:46:22,677 [Worker-24: Building] INFO  o.e.m.c.i.embedder.EclipseLogger - Collected git.build.time with value 2020-12-08T22:46:22+0100
2020-12-08 22:46:22,678 [Worker-24: Building] INFO  o.e.m.c.i.embedder.EclipseLogger - Collected git.build.version with value 2.3.0.BUILD-SNAPSHOT
2020-12-08 22:46:22,680 [Worker-24: Building] INFO  o.e.m.c.i.embedder.EclipseLogger - Collected git.build.host with value LAPTOP-GGG9JJ84
2020-12-08 22:46:22,681 [Worker-24: Building] INFO  o.e.m.c.i.embedder.EclipseLogger - including property git.tags in results
2020-12-08 22:46:22,681 [Worker-24: Building] INFO  o.e.m.c.i.embedder.EclipseLogger - including property git.closest.tag.commit.count in results
2020-12-08 22:46:22,681 [Worker-24: Building] INFO  o.e.m.c.i.embedder.EclipseLogger - including property git.build.version in results
2020-12-08 22:46:22,681 [Worker-24: Building] INFO  o.e.m.c.i.embedder.EclipseLogger - including property git.commit.user.name in results
2020-12-08 22:46:22,681 [Worker-24: Building] INFO  o.e.m.c.i.embedder.EclipseLogger - including property git.commit.id.abbrev in results
2020-12-08 22:46:22,682 [Worker-24: Building] INFO  o.e.m.c.i.embedder.EclipseLogger - including property git.branch in results
2020-12-08 22:46:22,682 [Worker-24: Building] INFO  o.e.m.c.i.embedder.EclipseLogger - including property git.build.host in results
2020-12-08 22:46:22,682 [Worker-24: Building] INFO  o.e.m.c.i.embedder.EclipseLogger - including property git.commit.id.describe-short in results
2020-12-08 22:46:22,682 [Worker-24: Building] INFO  o.e.m.c.i.embedder.EclipseLogger - including property git.total.commit.count in results
2020-12-08 22:46:22,682 [Worker-24: Building] INFO  o.e.m.c.i.embedder.EclipseLogger - including property git.commit.id.describe in results
2020-12-08 22:46:22,682 [Worker-24: Building] INFO  o.e.m.c.i.embedder.EclipseLogger - including property git.build.user.email in results
2020-12-08 22:46:22,682 [Worker-24: Building] INFO  o.e.m.c.i.embedder.EclipseLogger - including property git.commit.id in results
2020-12-08 22:46:22,682 [Worker-24: Building] INFO  o.e.m.c.i.embedder.EclipseLogger - including property git.commit.message.short in results
2020-12-08 22:46:22,682 [Worker-24: Building] INFO  o.e.m.c.i.embedder.EclipseLogger - including property git.commit.user.email in results
2020-12-08 22:46:22,683 [Worker-24: Building] INFO  o.e.m.c.i.embedder.EclipseLogger - including property git.closest.tag.name in results
2020-12-08 22:46:22,683 [Worker-24: Building] INFO  o.e.m.c.i.embedder.EclipseLogger - including property git.local.branch.ahead in results
2020-12-08 22:46:22,683 [Worker-24: Building] INFO  o.e.m.c.i.embedder.EclipseLogger - including property git.commit.time in results
2020-12-08 22:46:22,683 [Worker-24: Building] INFO  o.e.m.c.i.embedder.EclipseLogger - including property git.local.branch.behind in results
2020-12-08 22:46:22,683 [Worker-24: Building] INFO  o.e.m.c.i.embedder.EclipseLogger - including property git.build.time in results
2020-12-08 22:46:22,683 [Worker-24: Building] INFO  o.e.m.c.i.embedder.EclipseLogger - including property git.build.user.name in results
2020-12-08 22:46:22,683 [Worker-24: Building] INFO  o.e.m.c.i.embedder.EclipseLogger - including property git.dirty in results
2020-12-08 22:46:22,683 [Worker-24: Building] INFO  o.e.m.c.i.embedder.EclipseLogger - including property git.commit.message.full in results
2020-12-08 22:46:22,683 [Worker-24: Building] INFO  o.e.m.c.i.embedder.EclipseLogger - including property git.remote.origin.url in results
2020-12-08 22:46:22,688 [Worker-24: Building] INFO  o.e.m.c.i.embedder.EclipseLogger - Writing properties file to [C:\Users\alesk\Desktop\Universidad\TFG_app\TFG_app\back-end\TFG\target\classes\git.properties] (for module petclinic)...
2020-12-08 22:46:22,696 [Worker-24: Building] INFO  o.e.m.c.i.embedder.EclipseLogger - Using 'UTF-8' encoding to copy filtered resources.
2020-12-08 22:46:22,736 [Worker-24: Building] INFO  o.e.m.c.i.embedder.EclipseLogger - Copying 2 resources
2020-12-08 22:46:22,757 [Worker-24: Building] INFO  o.e.m.c.i.embedder.EclipseLogger - Copying 9 resources
2020-12-08 22:46:22,848 [Worker-24: Building] INFO  o.e.m.c.i.embedder.EclipseLogger - Using 'UTF-8' encoding to copy filtered resources.
2020-12-08 22:46:22,848 [Worker-24: Building] INFO  o.e.m.c.i.embedder.EclipseLogger - skip non existing resourceDirectory C:\Users\alesk\Desktop\Universidad\TFG_app\TFG_app\back-end\TFG\src\test\resources
2020-12-08 22:47:53,723 [Worker-23: Updating Maven Project] INFO  o.e.m.c.i.p.ProjectConfigurationManager - Update started
2020-12-08 22:47:54,882 [Worker-23: Updating Maven Project] INFO  o.e.m.c.i.l.LifecycleMappingFactory - Using org.eclipse.m2e.jdt.JarLifecycleMapping lifecycle mapping for MavenProject: org.springframework.samples:spring-petclinic:2.3.0.BUILD-SNAPSHOT @ C:\Users\alesk\Desktop\Universidad\TFG_app\TFG_app\back-end\TFG\pom.xml.
2020-12-08 22:47:57,369 [Worker-23: Updating Maven Project] INFO  o.e.m.j.i.AbstractJavaProjectConfigurator - Adding source folder /TFG/src/main/java
2020-12-08 22:47:57,370 [Worker-23: Updating Maven Project] INFO  o.e.m.j.i.AbstractJavaProjectConfigurator - Adding resource folder /TFG/src/main/resources
2020-12-08 22:47:57,370 [Worker-23: Updating Maven Project] INFO  o.e.m.j.i.AbstractJavaProjectConfigurator - Adding resource folder /TFG/src/main/resources
2020-12-08 22:47:57,371 [Worker-23: Updating Maven Project] INFO  o.e.m.j.i.AbstractJavaProjectConfigurator - Adding source folder /TFG/src/test/java
2020-12-08 22:47:57,991 [Worker-23: Updating Maven Project] INFO  o.e.m.c.i.p.ProjectConfigurationManager - Update completed: 4 sec
2020-12-08 22:47:59,639 [Worker-19: Building] INFO  o.e.m.c.i.embedder.EclipseLogger - dotGitDirectory C:\Users\alesk\Desktop\Universidad\TFG_app\TFG_app\.git
2020-12-08 22:48:00,339 [Worker-19: Building] INFO  o.e.m.c.i.embedder.EclipseLogger - Collected git.build.user.name with value Alejandro Fuentes Gómez
2020-12-08 22:48:00,340 [Worker-19: Building] INFO  o.e.m.c.i.embedder.EclipseLogger - Collected git.build.user.email with value 48445978+alefuegom@users.noreply.github.com
2020-12-08 22:48:00,366 [Worker-19: Building] INFO  o.e.m.c.i.embedder.EclipseLogger - Collected git.branch with value master
2020-12-08 22:48:00,368 [Worker-19: Building] INFO  o.e.m.c.i.embedder.EclipseLogger - --always = true
2020-12-08 22:48:00,368 [Worker-19: Building] INFO  o.e.m.c.i.embedder.EclipseLogger - --dirty = -dirty
2020-12-08 22:48:00,370 [Worker-19: Building] INFO  o.e.m.c.i.embedder.EclipseLogger - --abbrev = 7
2020-12-08 22:48:00,380 [Worker-19: Building] INFO  o.e.m.c.i.embedder.EclipseLogger - Tag refs [[]]
2020-12-08 22:48:00,381 [Worker-19: Building] INFO  o.e.m.c.i.embedder.EclipseLogger - Created map: [{}]
2020-12-08 22:48:00,382 [Worker-19: Building] INFO  o.e.m.c.i.embedder.EclipseLogger - evalCommit is [b69581de99a7670f0087ed6ac970e4a8b1c9e210]
2020-12-08 22:48:00,566 [Worker-19: Building] INFO  o.e.m.c.i.embedder.EclipseLogger - Collected git.commit.id.describe with value b69581d-dirty
2020-12-08 22:48:00,567 [Worker-19: Building] INFO  o.e.m.c.i.embedder.EclipseLogger - Collected git.commit.id.describe-short with value b69581d-dirty
2020-12-08 22:48:00,567 [Worker-19: Building] INFO  o.e.m.c.i.embedder.EclipseLogger - Collected git.commit.id with value b69581de99a7670f0087ed6ac970e4a8b1c9e210
2020-12-08 22:48:00,569 [Worker-19: Building] INFO  o.e.m.c.i.embedder.EclipseLogger - Collected git.commit.id.abbrev with value b69581d
2020-12-08 22:48:00,670 [Worker-19: Building] INFO  o.e.m.c.i.embedder.EclipseLogger - Collected git.dirty with value true
2020-12-08 22:48:00,672 [Worker-19: Building] INFO  o.e.m.c.i.embedder.EclipseLogger - Collected git.commit.user.name with value Alejandro Fuentes Gómez
2020-12-08 22:48:00,672 [Worker-19: Building] INFO  o.e.m.c.i.embedder.EclipseLogger - Collected git.commit.user.email with value 48445978+alefuegom@users.noreply.github.com
2020-12-08 22:48:00,673 [Worker-19: Building] INFO  o.e.m.c.i.embedder.EclipseLogger - Collected git.commit.message.full with value wrong init
2020-12-08 22:48:00,673 [Worker-19: Building] INFO  o.e.m.c.i.embedder.EclipseLogger - Collected git.commit.message.short with value wrong init
2020-12-08 22:48:00,673 [Worker-19: Building] INFO  o.e.m.c.i.embedder.EclipseLogger - Collected git.commit.time with value 2020-12-08T22:44:51+0100
2020-12-08 22:48:00,674 [Worker-19: Building] INFO  o.e.m.c.i.embedder.EclipseLogger - Collected git.remote.origin.url with value https://github.com/alefuegom/TFG_app.git
2020-12-08 22:48:00,679 [Worker-19: Building] INFO  o.e.m.c.i.embedder.EclipseLogger - Collected git.tags with value 
2020-12-08 22:48:00,685 [Worker-19: Building] INFO  o.e.m.c.i.embedder.EclipseLogger - evalCommit is [b69581de99a7670f0087ed6ac970e4a8b1c9e210]
2020-12-08 22:48:00,687 [Worker-19: Building] INFO  o.e.m.c.i.embedder.EclipseLogger - Tag refs [[]]
2020-12-08 22:48:00,687 [Worker-19: Building] INFO  o.e.m.c.i.embedder.EclipseLogger - Created map: [{}]
2020-12-08 22:48:00,690 [Worker-19: Building] INFO  o.e.m.c.i.embedder.EclipseLogger - Collected git.closest.tag.name with value 
2020-12-08 22:48:00,694 [Worker-19: Building] INFO  o.e.m.c.i.embedder.EclipseLogger - evalCommit is [b69581de99a7670f0087ed6ac970e4a8b1c9e210]
2020-12-08 22:48:00,696 [Worker-19: Building] INFO  o.e.m.c.i.embedder.EclipseLogger - Tag refs [[]]
2020-12-08 22:48:00,696 [Worker-19: Building] INFO  o.e.m.c.i.embedder.EclipseLogger - Created map: [{}]
2020-12-08 22:48:00,697 [Worker-19: Building] INFO  o.e.m.c.i.embedder.EclipseLogger - Collected git.closest.tag.commit.count with value 
2020-12-08 22:48:00,700 [Worker-19: Building] INFO  o.e.m.c.i.embedder.EclipseLogger - Collected git.total.commit.count with value 3
2020-12-08 22:48:01,323 [Worker-19: Building] INFO  o.e.m.c.i.embedder.EclipseLogger - Collected git.local.branch.ahead with value 0
2020-12-08 22:48:01,323 [Worker-19: Building] INFO  o.e.m.c.i.embedder.EclipseLogger - Collected git.local.branch.behind with value 0
2020-12-08 22:48:01,328 [Worker-19: Building] INFO  o.e.m.c.i.embedder.EclipseLogger - Collected git.build.time with value 2020-12-08T22:48:01+0100
2020-12-08 22:48:01,328 [Worker-19: Building] INFO  o.e.m.c.i.embedder.EclipseLogger - Collected git.build.version with value 2.3.0.BUILD-SNAPSHOT
2020-12-08 22:48:01,330 [Worker-19: Building] INFO  o.e.m.c.i.embedder.EclipseLogger - Collected git.build.host with value LAPTOP-GGG9JJ84
2020-12-08 22:48:01,330 [Worker-19: Building] INFO  o.e.m.c.i.embedder.EclipseLogger - including property git.tags in results
2020-12-08 22:48:01,330 [Worker-19: Building] INFO  o.e.m.c.i.embedder.EclipseLogger - including property git.closest.tag.commit.count in results
2020-12-08 22:48:01,330 [Worker-19: Building] INFO  o.e.m.c.i.embedder.EclipseLogger - including property git.build.version in results
2020-12-08 22:48:01,330 [Worker-19: Building] INFO  o.e.m.c.i.embedder.EclipseLogger - including property git.commit.user.name in results
2020-12-08 22:48:01,330 [Worker-19: Building] INFO  o.e.m.c.i.embedder.EclipseLogger - including property git.commit.id.abbrev in results
2020-12-08 22:48:01,330 [Worker-19: Building] INFO  o.e.m.c.i.embedder.EclipseLogger - including property git.branch in results
2020-12-08 22:48:01,330 [Worker-19: Building] INFO  o.e.m.c.i.embedder.EclipseLogger - including property git.build.host in results
2020-12-08 22:48:01,331 [Worker-19: Building] INFO  o.e.m.c.i.embedder.EclipseLogger - including property git.commit.id.describe-short in results
2020-12-08 22:48:01,331 [Worker-19: Building] INFO  o.e.m.c.i.embedder.EclipseLogger - including property git.total.commit.count in results
2020-12-08 22:48:01,332 [Worker-19: Building] INFO  o.e.m.c.i.embedder.EclipseLogger - including property git.commit.id.describe in results
2020-12-08 22:48:01,332 [Worker-19: Building] INFO  o.e.m.c.i.embedder.EclipseLogger - including property git.build.user.email in results
2020-12-08 22:48:01,332 [Worker-19: Building] INFO  o.e.m.c.i.embedder.EclipseLogger - including property git.commit.id in results
2020-12-08 22:48:01,332 [Worker-19: Building] INFO  o.e.m.c.i.embedder.EclipseLogger - including property git.commit.message.short in results
2020-12-08 22:48:01,332 [Worker-19: Building] INFO  o.e.m.c.i.embedder.EclipseLogger - including property git.commit.user.email in results
2020-12-08 22:48:01,332 [Worker-19: Building] INFO  o.e.m.c.i.embedder.EclipseLogger - including property git.closest.tag.name in results
2020-12-08 22:48:01,332 [Worker-19: Building] INFO  o.e.m.c.i.embedder.EclipseLogger - including property git.local.branch.ahead in results
2020-12-08 22:48:01,332 [Worker-19: Building] INFO  o.e.m.c.i.embedder.EclipseLogger - including property git.commit.time in results
2020-12-08 22:48:01,332 [Worker-19: Building] INFO  o.e.m.c.i.embedder.EclipseLogger - including property git.local.branch.behind in results
2020-12-08 22:48:01,332 [Worker-19: Building] INFO  o.e.m.c.i.embedder.EclipseLogger - including property git.build.time in results
2020-12-08 22:48:01,332 [Worker-19: Building] INFO  o.e.m.c.i.embedder.EclipseLogger - including property git.build.user.name in results
2020-12-08 22:48:01,332 [Worker-19: Building] INFO  o.e.m.c.i.embedder.EclipseLogger - including property git.dirty in results
2020-12-08 22:48:01,332 [Worker-19: Building] INFO  o.e.m.c.i.embedder.EclipseLogger - including property git.commit.message.full in results
2020-12-08 22:48:01,332 [Worker-19: Building] INFO  o.e.m.c.i.embedder.EclipseLogger - including property git.remote.origin.url in results
2020-12-08 22:48:01,344 [Worker-19: Building] INFO  o.e.m.c.i.embedder.EclipseLogger - Writing properties file to [C:\Users\alesk\Desktop\Universidad\TFG_app\TFG_app\back-end\TFG\target\classes\git.properties] (for module petclinic)...
2020-12-08 22:48:01,348 [Worker-19: Building] INFO  o.e.m.c.i.embedder.EclipseLogger - C:\Users\alesk\Desktop\Universidad\TFG_app\TFG_app\back-end\TFG/src/main/less
2020-12-08 22:48:01,348 [Worker-19: Building] INFO  o.e.m.c.i.embedder.EclipseLogger - Executing the mojo: 
2020-12-08 22:48:01,349 [Worker-19: Building] INFO  o.e.m.c.i.embedder.EclipseLogger - Wro4j Model path: C:\Users\alesk\Desktop\Universidad\TFG_app\TFG_app\back-end\TFG\src\main\wro\wro.xml
2020-12-08 22:48:01,349 [Worker-19: Building] INFO  o.e.m.c.i.embedder.EclipseLogger - targetGroups: null
2020-12-08 22:48:01,349 [Worker-19: Building] INFO  o.e.m.c.i.embedder.EclipseLogger - minimize: true
2020-12-08 22:48:01,349 [Worker-19: Building] INFO  o.e.m.c.i.embedder.EclipseLogger - ignoreMissingResources: null
2020-12-08 22:48:01,349 [Worker-19: Building] INFO  o.e.m.c.i.embedder.EclipseLogger - parallelProcessing: false
2020-12-08 22:48:01,350 [Worker-19: Building] INFO  o.e.m.c.i.embedder.EclipseLogger - buildDirectory: C:\Users\alesk\Desktop\Universidad\TFG_app\TFG_app\back-end\TFG\target
2020-12-08 22:48:01,361 [Worker-19: Building] INFO  o.e.m.c.i.embedder.EclipseLogger - destinationFolder: C:\Users\alesk\Desktop\Universidad\TFG_app\TFG_app\back-end\TFG\target
2020-12-08 22:48:01,361 [Worker-19: Building] INFO  o.e.m.c.i.embedder.EclipseLogger - cssDestinationFolder: C:\Users\alesk\Desktop\Universidad\TFG_app\TFG_app\back-end\TFG\target\classes\static\resources\css
2020-12-08 22:48:07,005 [Worker-19: Building] INFO  o.e.m.c.i.embedder.EclipseLogger - The following groups will be processed: [petclinic]
2020-12-08 22:48:07,006 [Worker-19: Building] INFO  o.e.m.c.i.embedder.EclipseLogger - folder: C:\Users\alesk\Desktop\Universidad\TFG_app\TFG_app\back-end\TFG\target\classes\static\resources\css
2020-12-08 22:48:07,009 [Worker-19: Building] INFO  o.e.m.c.i.embedder.EclipseLogger - processing group: petclinic.css
2020-12-08 22:48:10,963 [Worker-19: Building] WARN  r.i.w.e.p.css.Less4jProcessor - Less warnings are:
2020-12-08 22:48:10,965 [Worker-19: Building] WARN  r.i.w.e.p.css.Less4jProcessor - 10:1 Cannot link source map. Css result location is not know and could not be deduced from input less source..
2020-12-08 22:48:10,978 [Worker-19: Building] INFO  o.e.m.c.i.embedder.EclipseLogger - file size: petclinic.css -> 152399 bytes
2020-12-08 22:48:10,979 [Worker-19: Building] INFO  o.e.m.c.i.embedder.EclipseLogger - C:\Users\alesk\Desktop\Universidad\TFG_app\TFG_app\back-end\TFG\target\classes\static\resources\css\petclinic.css (152399 bytes)
2020-12-08 22:48:10,979 [Worker-19: Building] INFO  o.e.m.c.i.embedder.EclipseLogger - folder: C:\Users\alesk\Desktop\Universidad\TFG_app\TFG_app\back-end\TFG\target
2020-12-08 22:48:10,979 [Worker-19: Building] INFO  o.e.m.c.i.embedder.EclipseLogger - processing group: petclinic.js
2020-12-08 22:48:11,000 [Worker-19: Building] INFO  o.e.m.c.i.embedder.EclipseLogger - Using 'UTF-8' encoding to copy filtered resources.
2020-12-08 22:48:11,001 [Worker-19: Building] INFO  o.e.m.c.i.embedder.EclipseLogger - Copying 2 resources
2020-12-08 22:48:11,020 [Worker-19: Building] INFO  o.e.m.c.i.embedder.EclipseLogger - Copying 9 resources
2020-12-08 22:48:11,168 [Worker-19: Building] INFO  o.e.m.c.i.embedder.EclipseLogger - Using 'UTF-8' encoding to copy filtered resources.
2020-12-08 22:48:11,170 [Worker-19: Building] INFO  o.e.m.c.i.embedder.EclipseLogger - skip non existing resourceDirectory C:\Users\alesk\Desktop\Universidad\TFG_app\TFG_app\back-end\TFG\src\test\resources
